TN:
SF:dialogs/answerDialog.js
FN:13,(anonymous_0)
FN:34,(anonymous_1)
FN:42,(anonymous_2)
FN:64,(anonymous_3)
FNF:4
FNH:4
FNDA:24,(anonymous_0)
FNDA:7,(anonymous_1)
FNDA:3,(anonymous_2)
FNDA:1,(anonymous_3)
DA:4,1
DA:5,1
DA:6,1
DA:8,1
DA:9,1
DA:10,1
DA:14,24
DA:15,24
DA:16,24
DA:22,0
DA:25,24
DA:26,24
DA:31,24
DA:35,7
DA:36,7
DA:39,7
DA:43,3
DA:44,3
DA:45,3
DA:46,2
DA:48,2
DA:49,1
DA:53,1
DA:57,1
DA:58,1
DA:59,1
DA:61,2
DA:65,1
DA:69,1
DA:70,1
LF:30
LH:29
BRDA:35,0,0,2
BRDA:35,0,1,5
BRDA:48,1,0,1
BRDA:48,1,1,1
BRF:4
BRH:4
end_of_record
TN:
SF:dialogs/docDialog.js
FN:13,(anonymous_0)
FN:32,(anonymous_1)
FN:51,(anonymous_2)
FN:67,(anonymous_3)
FN:98,(anonymous_4)
FN:102,(anonymous_5)
FN:103,(anonymous_6)
FN:125,(anonymous_7)
FN:128,(anonymous_8)
FN:131,(anonymous_9)
FNF:10
FNH:9
FNDA:31,(anonymous_0)
FNDA:20,(anonymous_1)
FNDA:10,(anonymous_2)
FNDA:1,(anonymous_3)
FNDA:1,(anonymous_4)
FNDA:0,(anonymous_5)
FNDA:1,(anonymous_6)
FNDA:1,(anonymous_7)
FNDA:2,(anonymous_8)
FNDA:2,(anonymous_9)
DA:4,1
DA:5,1
DA:6,1
DA:7,1
DA:8,1
DA:9,1
DA:14,31
DA:15,31
DA:16,31
DA:17,31
DA:18,31
DA:19,31
DA:21,31
DA:22,31
DA:23,31
DA:29,31
DA:33,20
DA:34,8
DA:40,12
DA:41,12
DA:42,12
DA:43,12
DA:44,12
DA:52,10
DA:53,10
DA:54,10
DA:55,3
DA:56,1
DA:59,2
DA:63,7
DA:64,3
DA:65,2
DA:66,1
DA:67,1
DA:68,1
DA:70,1
DA:71,1
DA:74,1
DA:79,1
DA:82,4
DA:83,3
DA:84,2
DA:87,1
DA:92,1
DA:95,7
DA:99,1
DA:100,1
DA:101,1
DA:102,0
DA:104,1
DA:106,1
DA:107,1
DA:126,1
DA:129,2
DA:132,2
DA:136,1
DA:137,1
LF:57
LH:56
BRDA:33,0,0,8
BRDA:33,0,1,12
BRDA:40,1,0,1
BRDA:40,1,1,11
BRDA:41,2,0,1
BRDA:41,2,1,11
BRDA:42,3,0,1
BRDA:42,3,1,11
BRDA:43,4,0,1
BRDA:43,4,1,11
BRDA:54,5,0,3
BRDA:54,5,1,7
BRDA:55,6,0,1
BRDA:55,6,1,2
BRDA:63,7,0,3
BRDA:63,7,1,4
BRDA:64,8,0,2
BRDA:64,8,1,1
BRDA:65,9,0,1
BRDA:65,9,1,1
BRDA:82,10,0,3
BRDA:82,10,1,1
BRDA:83,11,0,2
BRDA:83,11,1,1
BRF:24
BRH:24
end_of_record
TN:
SF:dialogs/mainDialog.js
FN:29,(anonymous_0)
FN:55,(anonymous_1)
FN:66,(anonymous_2)
FN:76,(anonymous_3)
FN:100,(anonymous_4)
FN:121,(anonymous_5)
FN:123,(anonymous_6)
FN:127,(anonymous_7)
FN:143,(anonymous_8)
FN:147,(anonymous_9)
FN:172,(anonymous_10)
FN:173,(anonymous_11)
FN:191,(anonymous_12)
FN:198,replyForReceivedAttachments
FN:215,(anonymous_14)
FN:220,(anonymous_15)
FN:232,(anonymous_16)
FN:251,(anonymous_17)
FN:257,(anonymous_18)
FNF:19
FNH:18
FNDA:20,(anonymous_0)
FNDA:0,(anonymous_1)
FNDA:9,(anonymous_2)
FNDA:6,(anonymous_3)
FNDA:7,(anonymous_4)
FNDA:1,(anonymous_5)
FNDA:2,(anonymous_6)
FNDA:1,(anonymous_7)
FNDA:1,(anonymous_8)
FNDA:2,(anonymous_9)
FNDA:2,(anonymous_10)
FNDA:6,(anonymous_11)
FNDA:8,(anonymous_12)
FNDA:5,replyForReceivedAttachments
FNDA:5,(anonymous_14)
FNDA:6,(anonymous_15)
FNDA:4,(anonymous_16)
FNDA:5,(anonymous_17)
FNDA:4,(anonymous_18)
DA:4,1
DA:5,1
DA:6,1
DA:7,1
DA:8,1
DA:19,1
DA:20,1
DA:21,1
DA:23,1
DA:24,1
DA:25,1
DA:26,1
DA:30,20
DA:32,20
DA:33,20
DA:34,20
DA:35,20
DA:36,20
DA:37,20
DA:39,20
DA:46,20
DA:56,0
DA:57,0
DA:59,0
DA:60,0
DA:61,0
DA:62,0
DA:69,9
DA:70,9
DA:77,6
DA:78,6
DA:79,1
DA:81,5
DA:82,3
DA:87,3
DA:90,2
DA:95,2
DA:101,7
DA:102,6
DA:103,6
DA:104,3
DA:105,3
DA:106,1
DA:107,1
DA:108,1
DA:111,2
DA:112,2
DA:113,2
DA:114,2
DA:115,2
DA:122,1
DA:123,1
DA:124,2
DA:128,1
DA:130,2
DA:131,1
DA:134,1
DA:139,3
DA:144,1
DA:148,2
DA:149,2
DA:150,2
DA:151,2
DA:152,2
DA:153,2
DA:155,2
DA:171,2
DA:172,2
DA:173,2
DA:174,6
DA:175,6
DA:176,1
DA:177,1
DA:179,5
DA:186,2
DA:187,2
DA:188,2
DA:193,8
DA:194,5
DA:199,5
DA:202,4
DA:204,4
DA:207,1
DA:208,1
DA:214,5
DA:215,5
DA:216,5
DA:221,6
DA:222,6
DA:224,6
DA:227,6
DA:229,6
DA:231,6
DA:232,4
DA:233,4
DA:234,0
DA:238,2
DA:239,2
DA:243,4
DA:252,5
DA:253,4
DA:254,4
DA:255,4
DA:257,4
DA:258,4
DA:259,1
DA:261,3
DA:262,1
DA:266,4
DA:269,4
DA:271,1
DA:274,1
DA:280,1
LF:113
LH:106
BRDA:61,0,0,0
BRDA:61,0,1,0
BRDA:69,1,0,1
BRDA:69,1,1,8
BRDA:78,2,0,1
BRDA:78,2,1,5
BRDA:81,3,0,3
BRDA:81,3,1,2
BRDA:101,4,0,6
BRDA:101,4,1,1
BRDA:101,5,0,7
BRDA:101,5,1,6
BRDA:104,6,0,3
BRDA:104,6,1,0
BRDA:105,7,0,1
BRDA:105,7,1,2
BRDA:130,8,0,1
BRDA:130,8,1,1
BRDA:175,9,0,1
BRDA:175,9,1,5
BRDA:199,10,0,4
BRDA:199,10,1,1
BRDA:233,11,0,0
BRDA:233,11,1,4
BRDA:252,12,0,4
BRDA:252,12,1,1
BRDA:258,13,0,1
BRDA:258,13,1,3
BRDA:258,14,0,4
BRDA:258,14,1,2
BRDA:261,15,0,1
BRDA:261,15,1,2
BRDA:261,16,0,3
BRDA:261,16,1,2
BRDA:261,16,2,2
BRF:35
BRH:31
end_of_record
