TN:
SF:bots/avaBot.js
FN:10,(anonymous_0)
FN:29,(anonymous_1)
FN:39,(anonymous_2)
FN:53,(anonymous_3)
FN:65,(anonymous_4)
FNF:5
FNH:5
FNDA:5,(anonymous_0)
FNDA:1,(anonymous_1)
FNDA:2,(anonymous_2)
FNDA:3,(anonymous_3)
FNDA:1,(anonymous_4)
DA:1,1
DA:2,1
DA:11,5
DA:12,5
DA:13,1
DA:16,4
DA:17,1
DA:18,3
DA:19,1
DA:21,2
DA:22,2
DA:23,2
DA:24,2
DA:29,2
DA:30,1
DA:32,1
DA:33,1
DA:39,2
DA:40,2
DA:41,2
DA:42,2
DA:43,1
DA:46,2
DA:54,3
DA:57,3
DA:58,3
DA:66,1
DA:74,1
DA:83,1
DA:87,1
LF:30
LH:30
BRDA:12,0,0,1
BRDA:12,0,1,4
BRDA:16,1,0,1
BRDA:16,1,1,3
BRDA:18,2,0,1
BRDA:18,2,1,2
BRDA:42,3,0,1
BRDA:42,3,1,1
BRF:8
BRH:8
end_of_record
TN:
SF:dialogs/answerDialog.js
FN:20,(anonymous_0)
FN:52,(anonymous_1)
FN:76,(anonymous_2)
FN:109,(anonymous_3)
FNF:4
FNH:4
FNDA:25,(anonymous_0)
FNDA:9,(anonymous_1)
FNDA:4,(anonymous_2)
FNDA:3,(anonymous_3)
DA:5,1
DA:6,1
DA:7,1
DA:8,1
DA:10,1
DA:11,1
DA:12,1
DA:21,25
DA:22,25
DA:24,25
DA:30,0
DA:35,25
DA:36,25
DA:43,25
DA:53,9
DA:57,9
DA:64,9
DA:67,9
DA:77,4
DA:78,1
DA:80,3
DA:81,3
DA:82,3
DA:83,2
DA:85,2
DA:86,1
DA:90,1
DA:94,1
DA:95,1
DA:98,1
DA:100,2
DA:110,3
DA:114,1
DA:115,1
LF:34
LH:33
BRDA:53,0,0,2
BRDA:53,0,1,7
BRDA:77,1,0,1
BRDA:77,1,1,3
BRDA:85,2,0,1
BRDA:85,2,1,1
BRF:6
BRH:6
end_of_record
TN:
SF:dialogs/docDialog.js
FN:20,(anonymous_0)
FN:47,(anonymous_1)
FN:88,(anonymous_2)
FN:131,(anonymous_3)
FN:138,(anonymous_4)
FN:141,(anonymous_5)
FN:156,(anonymous_6)
FN:173,(anonymous_7)
FN:195,(anonymous_8)
FN:214,(anonymous_9)
FN:222,(anonymous_10)
FN:229,(anonymous_11)
FN:236,(anonymous_12)
FNF:13
FNH:12
FNDA:33,(anonymous_0)
FNDA:21,(anonymous_1)
FNDA:10,(anonymous_2)
FNDA:1,(anonymous_3)
FNDA:0,(anonymous_4)
FNDA:1,(anonymous_5)
FNDA:2,(anonymous_6)
FNDA:4,(anonymous_7)
FNDA:4,(anonymous_8)
FNDA:4,(anonymous_9)
FNDA:1,(anonymous_10)
FNDA:2,(anonymous_11)
FNDA:2,(anonymous_12)
DA:1,1
DA:8,1
DA:9,1
DA:10,1
DA:11,1
DA:12,1
DA:21,33
DA:22,33
DA:23,33
DA:24,33
DA:25,33
DA:26,33
DA:28,33
DA:29,33
DA:30,33
DA:38,33
DA:48,21
DA:50,8
DA:61,13
DA:62,13
DA:65,13
DA:68,13
DA:71,13
DA:89,10
DA:90,10
DA:91,10
DA:92,3
DA:93,1
DA:95,2
DA:97,7
DA:98,3
DA:99,2
DA:100,1
DA:102,1
DA:105,1
DA:107,4
DA:108,3
DA:110,2
DA:114,1
DA:117,1
DA:120,7
DA:132,1
DA:133,1
DA:134,1
DA:135,1
DA:139,0
DA:142,1
DA:144,1
DA:145,1
DA:157,2
DA:158,2
DA:159,2
DA:160,4
DA:161,4
DA:162,4
DA:164,2
DA:174,4
DA:175,4
DA:176,4
DA:177,4
DA:178,4
DA:179,8
DA:180,8
DA:181,4
DA:184,8
DA:186,4
DA:196,4
DA:197,4
DA:198,4
DA:199,4
DA:200,4
DA:201,4
DA:202,4
DA:203,4
DA:205,4
DA:215,4
DA:223,1
DA:230,2
DA:237,2
DA:241,1
DA:242,1
LF:81
LH:80
BRDA:48,0,0,8
BRDA:48,0,1,13
BRDA:61,1,0,1
BRDA:61,1,1,12
BRDA:62,2,0,1
BRDA:62,2,1,12
BRDA:65,3,0,1
BRDA:65,3,1,12
BRDA:68,4,0,1
BRDA:68,4,1,12
BRDA:91,5,0,3
BRDA:91,5,1,7
BRDA:92,6,0,1
BRDA:92,6,1,2
BRDA:97,7,0,3
BRDA:97,7,1,4
BRDA:98,8,0,2
BRDA:98,8,1,1
BRDA:99,9,0,1
BRDA:99,9,1,1
BRDA:107,10,0,3
BRDA:107,10,1,1
BRDA:108,11,0,2
BRDA:108,11,1,1
BRDA:180,12,0,4
BRDA:180,12,1,4
BRF:26
BRH:26
end_of_record
TN:
SF:dialogs/mainDialog.js
FN:28,(anonymous_0)
FN:55,(anonymous_1)
FN:71,(anonymous_2)
FN:93,(anonymous_3)
FN:120,(anonymous_4)
FN:159,(anonymous_5)
FN:161,(anonymous_6)
FN:165,(anonymous_7)
FN:192,(anonymous_8)
FN:203,(anonymous_9)
FN:234,(anonymous_10)
FN:235,(anonymous_11)
FN:256,(anonymous_12)
FN:264,replyForReceivedAttachments
FN:283,(anonymous_14)
FN:292,(anonymous_15)
FN:303,(anonymous_16)
FN:325,(anonymous_17)
FN:331,(anonymous_18)
FNF:19
FNH:16
FNDA:20,(anonymous_0)
FNDA:0,(anonymous_1)
FNDA:9,(anonymous_2)
FNDA:6,(anonymous_3)
FNDA:7,(anonymous_4)
FNDA:0,(anonymous_5)
FNDA:0,(anonymous_6)
FNDA:2,(anonymous_7)
FNDA:1,(anonymous_8)
FNDA:2,(anonymous_9)
FNDA:2,(anonymous_10)
FNDA:6,(anonymous_11)
FNDA:8,(anonymous_12)
FNDA:5,replyForReceivedAttachments
FNDA:5,(anonymous_14)
FNDA:6,(anonymous_15)
FNDA:4,(anonymous_16)
FNDA:5,(anonymous_17)
FNDA:4,(anonymous_18)
DA:1,1
DA:2,1
DA:3,1
DA:4,1
DA:5,1
DA:14,1
DA:15,1
DA:16,1
DA:18,1
DA:19,1
DA:20,1
DA:29,20
DA:30,20
DA:31,20
DA:32,20
DA:33,20
DA:37,20
DA:46,20
DA:56,0
DA:57,0
DA:59,0
DA:60,0
DA:61,0
DA:62,0
DA:74,9
DA:77,9
DA:94,6
DA:95,6
DA:96,1
DA:97,5
DA:98,3
DA:104,3
DA:106,2
DA:111,2
DA:121,7
DA:122,6
DA:124,6
DA:125,3
DA:126,3
DA:127,3
DA:128,1
DA:132,1
DA:134,1
DA:135,1
DA:138,1
DA:145,2
DA:146,2
DA:150,2
DA:151,2
DA:152,2
DA:160,0
DA:161,0
DA:162,0
DA:166,2
DA:169,2
DA:170,2
DA:173,2
DA:174,0
DA:176,2
DA:184,3
DA:193,1
DA:204,2
DA:205,2
DA:206,2
DA:207,2
DA:208,2
DA:209,2
DA:211,2
DA:232,2
DA:234,2
DA:235,2
DA:236,6
DA:238,6
DA:239,2
DA:240,2
DA:242,4
DA:246,2
DA:247,2
DA:248,2
DA:258,8
DA:261,5
DA:265,5
DA:268,4
DA:271,4
DA:273,1
DA:274,1
DA:280,5
DA:283,5
DA:284,5
DA:293,6
DA:295,6
DA:298,6
DA:300,6
DA:302,6
DA:303,4
DA:304,4
DA:305,0
DA:309,2
DA:310,2
DA:314,4
DA:326,5
DA:327,4
DA:328,4
DA:329,4
DA:331,4
DA:332,4
DA:336,1
DA:337,3
DA:342,1
DA:346,4
DA:349,4
DA:351,1
DA:354,1
DA:359,1
LF:114
LH:103
BRDA:61,0,0,0
BRDA:61,0,1,0
BRDA:74,1,0,1
BRDA:74,1,1,8
BRDA:95,2,0,1
BRDA:95,2,1,5
BRDA:97,3,0,3
BRDA:97,3,1,2
BRDA:121,4,0,6
BRDA:121,4,1,1
BRDA:121,5,0,7
BRDA:121,5,1,6
BRDA:126,6,0,3
BRDA:126,6,1,0
BRDA:127,7,0,1
BRDA:127,7,1,2
BRDA:173,8,0,0
BRDA:173,8,1,2
BRDA:238,9,0,2
BRDA:238,9,1,4
BRDA:265,10,0,4
BRDA:265,10,1,1
BRDA:304,11,0,0
BRDA:304,11,1,4
BRDA:326,12,0,4
BRDA:326,12,1,1
BRDA:332,13,0,1
BRDA:332,13,1,3
BRDA:333,14,0,4
BRDA:333,14,1,2
BRDA:337,15,0,1
BRDA:337,15,1,2
BRDA:338,16,0,3
BRDA:338,16,1,2
BRDA:338,16,2,2
BRF:35
BRH:30
end_of_record
